<?xml version="1.0" encoding="UTF-8"?>
<!-- Generated by org.testng.reporters.JUnitXMLReporter -->
<testsuite ignored="0" hostname="vipans-MBP" failures="1" tests="31" name="Test" time="267.556" errors="0" timestamp="2023-05-25T23:30:31 EDT">
  <testcase classname="luma.testcases.LoginPageTest" name="loginPageTitleTest" time="0.011"/>
  <testcase classname="luma.testcases.LoginPageTest" name="loginTest" time="1.326"/>
  <testcase classname="luma.testcases.LoginPageTest" name="successfullyLoggedInTest" time="2.066"/>
  <testcase classname="luma.testcases.HomePageTest" name="verifyHomePageTitleTest" time="0.017"/>
  <testcase classname="luma.testcases.HomePageTest" name="verifyUserNameTest" time="0.889"/>
  <testcase classname="luma.testcases.HomePageTest" name="verifyWomenLinkTest" time="0.694"/>
  <testcase classname="luma.testcases.HomePageTest" name="verifyMenLinkTest" time="0.884"/>
  <testcase classname="luma.testcases.HomePageTest" name="verifyGearLinkTest" time="0.622"/>
  <testcase classname="luma.testcases.HomePageTest" name="verifySaleLinkTest" time="0.679"/>
  <testcase classname="luma.testcases.WomenPageTest" name="verifyWomenPageTitleTest" time="0.01"/>
  <testcase classname="luma.testcases.WomenPageTest" name="verifyWomenLabelTest" time="0.049"/>
  <testcase classname="luma.testcases.WomenPageTest" name="shopTopsTest" time="0.622"/>
  <testcase classname="luma.testcases.WomenPageTest" name="shopBottomsTest" time="0.963"/>
  <testcase classname="luma.testcases.MenPageTest" name="verifyMenPageTitleTest" time="0.016"/>
  <testcase classname="luma.testcases.MenPageTest" name="verifyMenLabelTest" time="0.052"/>
  <testcase classname="luma.testcases.MenPageTest" name="shopHoodiesAndSweatshirtsTest" time="1.098"/>
  <testcase classname="luma.testcases.MenPageTest" name="shopJacketsTest" time="0.97"/>
  <testcase classname="luma.testcases.MenPageTest" name="shopPantsTest" time="2.045"/>
  <testcase classname="luma.testcases.GearPageTest" name="verifyGearPageTitleTest" time="0.015"/>
  <testcase classname="luma.testcases.GearPageTest" name="verifyGearLabelTest" time="0.055"/>
  <testcase classname="luma.testcases.GearPageTest" name="shopBags" time="0.894"/>
  <testcase classname="luma.testcases.GearPageTest" name="shopFitnessEquipmentTest" time="0.875"/>
  <testcase classname="luma.testcases.GearPageTest" name="shopWatches" time="0.913"/>
  <testcase classname="luma.testcases.SalePageTest" name="verifySalePageTitleTest" time="0.01"/>
  <testcase classname="luma.testcases.SalePageTest" name="verifySaleLabelTest" time="0.055"/>
  <testcase classname="luma.testcases.SalePageTest" name="shopWomensShortsTest" time="0.011"/>
  <testcase classname="luma.testcases.SalePageTest" name="shopMensJacketsTest" time="0.014"/>
  <testcase classname="luma.testcases.SalePageTest" name="shopBagsTest" time="0.65"/>
  <testcase classname="luma.testcases.SignOutPageTest" name="verifySignOutPageLabelTest" time="0.058"/>
  <testcase classname="luma.testcases.SignOutPageTest" name="verifyHomePageTitleTest" time="6.01">
    <failure type="java.lang.AssertionError" message="Home page title not matched expected [Home Page] but found []">
      <![CDATA[java.lang.AssertionError: Home page title not matched expected [Home Page] but found []
at luma.testcases.SignOutPageTest.verifyHomePageTitleTest(SignOutPageTest.java:39)
at java.base/java.util.ArrayList.forEach(ArrayList.java:1511)
... Removed 31 stack frames]]>
    </failure>
  </testcase> <!-- verifyHomePageTitleTest -->
  <testcase classname="luma.testcases.SignOutPageTest" name="validateSignInButton" time="6.029"/>
</testsuite> <!-- Test -->
